<?xml version="1.0" encoding="UTF-8" ?>
<testsuite errors="0" failures="0" hostname="Thanhlv" name="dao.UsersDAOTest" skipped="0" tests="13" time="1.56" timestamp="2021-06-02T06:11:01">
  <properties>
[...]
</properties>
  <testcase classname="dao.UsersDAOTest" name="testDeleteUser1" time="0.903" />
  <testcase classname="dao.UsersDAOTest" name="testDeleteUser2" time="0.091" />
  <testcase classname="dao.UsersDAOTest" name="testDeleteUser3" time="0.041" />
  <testcase classname="dao.UsersDAOTest" name="testEditUser1" time="0.042" />
  <testcase classname="dao.UsersDAOTest" name="testEditUser2" time="0.068" />
  <testcase classname="dao.UsersDAOTest" name="testEditUser3" time="0.046" />
  <testcase classname="dao.UsersDAOTest" name="testAddUser1" time="0.046" />
  <testcase classname="dao.UsersDAOTest" name="testAddUser2" time="0.059" />
  <testcase classname="dao.UsersDAOTest" name="testAddUser3" time="0.046" />
  <testcase classname="dao.UsersDAOTest" name="testGetUserById1" time="0.043" />
  <testcase classname="dao.UsersDAOTest" name="testGetUserById2" time="0.04" />
  <testcase classname="dao.UsersDAOTest" name="testGetUserById3" time="0.038" />
  <testcase classname="dao.UsersDAOTest" name="testGetUserIDMax" time="0.039" />
  <system-out><![CDATA[]]></system-out>
  <system-err><![CDATA[]]></system-err>
</testsuite>
